2026-07-08 16:48:25.479 | INFO     | src.logger.logger:<module>:34 - DomainHunter Pro X Logger initialized.
2026-07-08 16:48:25.480 | INFO     | __main__:<module>:3 - Application Started
2026-07-08 16:48:25.481 | SUCCESS  | __main__:<module>:5 - Logger Works
2026-07-08 16:48:25.481 | WARNING  | __main__:<module>:7 - Warning Test
2026-07-08 16:48:25.481 | ERROR    | __main__:<module>:9 - Error Test
2026-07-08 17:01:20.912 | INFO     | src.logger.logger:<module>:34 - DomainHunter Pro X Logger initialized.
2026-07-08 17:01:20.914 | INFO     | src.config.config_manager:save:78 - Configuration saved.
2026-07-08 17:01:20.914 | SUCCESS  | src.config.config_manager:load:60 - Default configuration created.
2026-07-08 17:01:20.915 | INFO     | src.config.config_manager:save:78 - Configuration saved.
2026-07-08 17:12:19.507 | INFO     | src.logger.logger:<module>:34 - DomainHunter Pro X Logger initialized.
2026-07-08 17:12:19.515 | SUCCESS  | src.database.database:__init__:29 - Database connected.
2026-07-08 17:12:19.533 | SUCCESS  | src.database.database:create_tables:64 - Database tables checked.
2026-07-08 17:12:19.537 | INFO     | src.database.database:close:96 - Database closed.
2026-07-08 17:32:33.822 | INFO     | src.logger.logger:<module>:34 - DomainHunter Pro X Logger initialized.
2026-07-08 17:32:34.047 | INFO     | src.app.bootstrap:bootstrap:13 - Starting application...
2026-07-08 17:32:34.064 | INFO     | src.config.config_manager:load:66 - Configuration loaded.
2026-07-08 17:32:34.067 | SUCCESS  | src.database.database:__init__:29 - Database connected.
2026-07-08 17:32:34.069 | SUCCESS  | src.database.database:create_tables:64 - Database tables checked.
2026-07-08 17:32:37.264 | SUCCESS  | src.app.bootstrap:bootstrap:25 - Application started successfully.
2026-07-08 17:39:50.304 | INFO     | src.logger.logger:<module>:34 - DomainHunter Pro X Logger initialized.
2026-07-08 17:41:00.754 | INFO     | src.logger.logger:<module>:34 - DomainHunter Pro X Logger initialized.
2026-07-08 17:41:01.015 | INFO     | src.app.bootstrap:bootstrap:13 - Starting application...
2026-07-08 17:41:01.017 | INFO     | src.config.config_manager:load:66 - Configuration loaded.
2026-07-08 17:41:01.018 | SUCCESS  | src.database.database:__init__:29 - Database connected.
2026-07-08 17:41:01.020 | SUCCESS  | src.database.database:create_tables:64 - Database tables checked.
2026-07-08 17:41:01.260 | SUCCESS  | src.app.bootstrap:bootstrap:25 - Application started successfully.
2026-07-08 17:49:22.009 | INFO     | src.logger.logger:<module>:34 - DomainHunter Pro X Logger initialized.
2026-07-08 17:50:29.811 | INFO     | src.logger.logger:<module>:34 - DomainHunter Pro X Logger initialized.
2026-07-08 17:51:32.764 | INFO     | src.logger.logger:<module>:34 - DomainHunter Pro X Logger initialized.
2026-07-08 17:55:04.610 | INFO     | src.logger.logger:<module>:34 - DomainHunter Pro X Logger initialized.
2026-07-08 17:59:05.005 | INFO     | src.logger.logger:<module>:34 - DomainHunter Pro X Logger initialized.
2026-07-08 18:00:07.013 | INFO     | src.logger.logger:<module>:34 - DomainHunter Pro X Logger initialized.
2026-07-08 18:00:07.267 | INFO     | src.app.bootstrap:bootstrap:13 - Starting application...
2026-07-08 18:00:07.270 | INFO     | src.config.config_manager:load:66 - Configuration loaded.
2026-07-08 18:00:07.271 | SUCCESS  | src.database.database:__init__:29 - Database connected.
2026-07-08 18:00:07.272 | SUCCESS  | src.database.database:create_tables:64 - Database tables checked.
2026-07-08 18:00:07.655 | SUCCESS  | src.app.bootstrap:bootstrap:25 - Application started successfully.
